{"C:\\Users\\diego\\programacion\\test-wompi\\front\\src\\app\\hook.ts": {"path":"C:\\Users\\diego\\programacion\\test-wompi\\front\\src\\app\\hook.ts","statementMap":{"0":{"start":{"line":4,"column":30},"end":{"line":4,"column":62}},"1":{"start":{"line":4,"column":36},"end":{"line":4,"column":62}},"2":{"start":{"line":5,"column":30},"end":{"line":5,"column":64}}},"fnMap":{"0":{"name":"(anonymous_0)","decl":{"start":{"line":4,"column":30},"end":{"line":4,"column":31}},"loc":{"start":{"line":4,"column":36},"end":{"line":4,"column":62}},"line":4}},"branchMap":{},"s":{"0":2,"1":132,"2":2},"f":{"0":132},"b":{},"_coverageSchema":"1a1c01bbd47fc00a2c39e90264f33305004495a9","hash":"fcb49b833f743b2c40506a7c422bb73a2e0eab0b"}
,"C:\\Users\\diego\\programacion\\test-wompi\\front\\src\\components\\CardModal.tsx": {"path":"C:\\Users\\diego\\programacion\\test-wompi\\front\\src\\components\\CardModal.tsx","statementMap":{"0":{"start":{"line":12,"column":18},"end":{"line":12,"column":34}},"1":{"start":{"line":13,"column":17},"end":{"line":13,"column":74}},"2":{"start":{"line":13,"column":43},"end":{"line":13,"column":73}},"3":{"start":{"line":15,"column":37},"end":{"line":15,"column":49}},"4":{"start":{"line":16,"column":41},"end":{"line":16,"column":53}},"5":{"start":{"line":17,"column":39},"end":{"line":17,"column":51}},"6":{"start":{"line":18,"column":31},"end":{"line":18,"column":43}},"7":{"start":{"line":19,"column":37},"end":{"line":19,"column":49}},"8":{"start":{"line":21,"column":27},"end":{"line":21,"column":39}},"9":{"start":{"line":22,"column":33},"end":{"line":22,"column":45}},"10":{"start":{"line":23,"column":27},"end":{"line":23,"column":39}},"11":{"start":{"line":25,"column":31},"end":{"line":25,"column":43}},"12":{"start":{"line":26,"column":25},"end":{"line":26,"column":37}},"13":{"start":{"line":27,"column":29},"end":{"line":27,"column":41}},"14":{"start":{"line":28,"column":37},"end":{"line":28,"column":49}},"15":{"start":{"line":30,"column":29},"end":{"line":30,"column":53}},"16":{"start":{"line":32,"column":15},"end":{"line":32,"column":42}},"17":{"start":{"line":35,"column":32},"end":{"line":35,"column":34}},"18":{"start":{"line":37,"column":2},"end":{"line":39,"column":3}},"19":{"start":{"line":38,"column":3},"end":{"line":38,"column":55}},"20":{"start":{"line":40,"column":2},"end":{"line":42,"column":3}},"21":{"start":{"line":41,"column":3},"end":{"line":41,"column":57}},"22":{"start":{"line":43,"column":2},"end":{"line":45,"column":3}},"23":{"start":{"line":44,"column":3},"end":{"line":44,"column":38}},"24":{"start":{"line":46,"column":2},"end":{"line":48,"column":3}},"25":{"start":{"line":47,"column":3},"end":{"line":47,"column":58}},"26":{"start":{"line":49,"column":2},"end":{"line":51,"column":3}},"27":{"start":{"line":50,"column":3},"end":{"line":50,"column":39}},"28":{"start":{"line":52,"column":2},"end":{"line":54,"column":3}},"29":{"start":{"line":53,"column":3},"end":{"line":53,"column":53}},"30":{"start":{"line":55,"column":2},"end":{"line":57,"column":3}},"31":{"start":{"line":56,"column":3},"end":{"line":56,"column":41}},"32":{"start":{"line":58,"column":2},"end":{"line":60,"column":3}},"33":{"start":{"line":59,"column":3},"end":{"line":59,"column":54}},"34":{"start":{"line":61,"column":2},"end":{"line":63,"column":3}},"35":{"start":{"line":62,"column":3},"end":{"line":62,"column":48}},"36":{"start":{"line":64,"column":2},"end":{"line":66,"column":3}},"37":{"start":{"line":65,"column":3},"end":{"line":65,"column":62}},"38":{"start":{"line":68,"column":2},"end":{"line":68,"column":23}},"39":{"start":{"line":69,"column":2},"end":{"line":69,"column":45}},"40":{"start":{"line":73,"column":2},"end":{"line":73,"column":25}},"41":{"start":{"line":75,"column":2},"end":{"line":75,"column":26}},"42":{"start":{"line":75,"column":19},"end":{"line":75,"column":26}},"43":{"start":{"line":77,"column":2},"end":{"line":94,"column":4}},"44":{"start":{"line":97,"column":1},"end":{"line":97,"column":27}},"45":{"start":{"line":97,"column":15},"end":{"line":97,"column":27}},"46":{"start":{"line":99,"column":1},"end":{"line":285,"column":3}},"47":{"start":{"line":125,"column":25},"end":{"line":125,"column":54}},"48":{"start":{"line":140,"column":26},"end":{"line":140,"column":57}},"49":{"start":{"line":152,"column":26},"end":{"line":152,"column":56}},"50":{"start":{"line":164,"column":26},"end":{"line":164,"column":52}},"51":{"start":{"line":177,"column":25},"end":{"line":177,"column":54}},"52":{"start":{"line":193,"column":25},"end":{"line":193,"column":49}},"53":{"start":{"line":205,"column":25},"end":{"line":205,"column":52}},"54":{"start":{"line":217,"column":25},"end":{"line":217,"column":49}},"55":{"start":{"line":233,"column":25},"end":{"line":233,"column":51}},"56":{"start":{"line":246,"column":26},"end":{"line":246,"column":49}},"57":{"start":{"line":257,"column":26},"end":{"line":257,"column":51}},"58":{"start":{"line":270,"column":25},"end":{"line":270,"column":54}}},"fnMap":{"0":{"name":"CardModal","decl":{"start":{"line":11,"column":16},"end":{"line":11,"column":25}},"loc":{"start":{"line":11,"column":28},"end":{"line":286,"column":1}},"line":11},"1":{"name":"(anonymous_1)","decl":{"start":{"line":13,"column":32},"end":{"line":13,"column":33}},"loc":{"start":{"line":13,"column":43},"end":{"line":13,"column":73}},"line":13},"2":{"name":"validate","decl":{"start":{"line":34,"column":10},"end":{"line":34,"column":18}},"loc":{"start":{"line":34,"column":30},"end":{"line":70,"column":2}},"line":34},"3":{"name":"handleSubmit","decl":{"start":{"line":72,"column":10},"end":{"line":72,"column":22}},"loc":{"start":{"line":72,"column":41},"end":{"line":95,"column":2}},"line":72},"4":{"name":"(anonymous_4)","decl":{"start":{"line":125,"column":18},"end":{"line":125,"column":19}},"loc":{"start":{"line":125,"column":25},"end":{"line":125,"column":54}},"line":125},"5":{"name":"(anonymous_5)","decl":{"start":{"line":140,"column":19},"end":{"line":140,"column":20}},"loc":{"start":{"line":140,"column":26},"end":{"line":140,"column":57}},"line":140},"6":{"name":"(anonymous_6)","decl":{"start":{"line":152,"column":19},"end":{"line":152,"column":20}},"loc":{"start":{"line":152,"column":26},"end":{"line":152,"column":56}},"line":152},"7":{"name":"(anonymous_7)","decl":{"start":{"line":164,"column":19},"end":{"line":164,"column":20}},"loc":{"start":{"line":164,"column":26},"end":{"line":164,"column":52}},"line":164},"8":{"name":"(anonymous_8)","decl":{"start":{"line":177,"column":18},"end":{"line":177,"column":19}},"loc":{"start":{"line":177,"column":25},"end":{"line":177,"column":54}},"line":177},"9":{"name":"(anonymous_9)","decl":{"start":{"line":193,"column":18},"end":{"line":193,"column":19}},"loc":{"start":{"line":193,"column":25},"end":{"line":193,"column":49}},"line":193},"10":{"name":"(anonymous_10)","decl":{"start":{"line":205,"column":18},"end":{"line":205,"column":19}},"loc":{"start":{"line":205,"column":25},"end":{"line":205,"column":52}},"line":205},"11":{"name":"(anonymous_11)","decl":{"start":{"line":217,"column":18},"end":{"line":217,"column":19}},"loc":{"start":{"line":217,"column":25},"end":{"line":217,"column":49}},"line":217},"12":{"name":"(anonymous_12)","decl":{"start":{"line":233,"column":18},"end":{"line":233,"column":19}},"loc":{"start":{"line":233,"column":25},"end":{"line":233,"column":51}},"line":233},"13":{"name":"(anonymous_13)","decl":{"start":{"line":246,"column":19},"end":{"line":246,"column":20}},"loc":{"start":{"line":246,"column":26},"end":{"line":246,"column":49}},"line":246},"14":{"name":"(anonymous_14)","decl":{"start":{"line":257,"column":19},"end":{"line":257,"column":20}},"loc":{"start":{"line":257,"column":26},"end":{"line":257,"column":51}},"line":257},"15":{"name":"(anonymous_15)","decl":{"start":{"line":270,"column":18},"end":{"line":270,"column":19}},"loc":{"start":{"line":270,"column":25},"end":{"line":270,"column":54}},"line":270}},"branchMap":{"0":{"loc":{"start":{"line":37,"column":2},"end":{"line":39,"column":3}},"type":"if","locations":[{"start":{"line":37,"column":2},"end":{"line":39,"column":3}},{"start":{},"end":{}}],"line":37},"1":{"loc":{"start":{"line":40,"column":2},"end":{"line":42,"column":3}},"type":"if","locations":[{"start":{"line":40,"column":2},"end":{"line":42,"column":3}},{"start":{},"end":{}}],"line":40},"2":{"loc":{"start":{"line":43,"column":2},"end":{"line":45,"column":3}},"type":"if","locations":[{"start":{"line":43,"column":2},"end":{"line":45,"column":3}},{"start":{},"end":{}}],"line":43},"3":{"loc":{"start":{"line":46,"column":2},"end":{"line":48,"column":3}},"type":"if","locations":[{"start":{"line":46,"column":2},"end":{"line":48,"column":3}},{"start":{},"end":{}}],"line":46},"4":{"loc":{"start":{"line":49,"column":2},"end":{"line":51,"column":3}},"type":"if","locations":[{"start":{"line":49,"column":2},"end":{"line":51,"column":3}},{"start":{},"end":{}}],"line":49},"5":{"loc":{"start":{"line":52,"column":2},"end":{"line":54,"column":3}},"type":"if","locations":[{"start":{"line":52,"column":2},"end":{"line":54,"column":3}},{"start":{},"end":{}}],"line":52},"6":{"loc":{"start":{"line":55,"column":2},"end":{"line":57,"column":3}},"type":"if","locations":[{"start":{"line":55,"column":2},"end":{"line":57,"column":3}},{"start":{},"end":{}}],"line":55},"7":{"loc":{"start":{"line":58,"column":2},"end":{"line":60,"column":3}},"type":"if","locations":[{"start":{"line":58,"column":2},"end":{"line":60,"column":3}},{"start":{},"end":{}}],"line":58},"8":{"loc":{"start":{"line":61,"column":2},"end":{"line":63,"column":3}},"type":"if","locations":[{"start":{"line":61,"column":2},"end":{"line":63,"column":3}},{"start":{},"end":{}}],"line":61},"9":{"loc":{"start":{"line":64,"column":2},"end":{"line":66,"column":3}},"type":"if","locations":[{"start":{"line":64,"column":2},"end":{"line":66,"column":3}},{"start":{},"end":{}}],"line":64},"10":{"loc":{"start":{"line":75,"column":2},"end":{"line":75,"column":26}},"type":"if","locations":[{"start":{"line":75,"column":2},"end":{"line":75,"column":26}},{"start":{},"end":{}}],"line":75},"11":{"loc":{"start":{"line":91,"column":17},"end":{"line":91,"column":40}},"type":"binary-expr","locations":[{"start":{"line":91,"column":17},"end":{"line":91,"column":27}},{"start":{"line":91,"column":31},"end":{"line":91,"column":40}}],"line":91},"12":{"loc":{"start":{"line":97,"column":1},"end":{"line":97,"column":27}},"type":"if","locations":[{"start":{"line":97,"column":1},"end":{"line":97,"column":27}},{"start":{},"end":{}}],"line":97},"13":{"loc":{"start":{"line":119,"column":9},"end":{"line":119,"column":106}},"type":"binary-expr","locations":[{"start":{"line":119,"column":9},"end":{"line":119,"column":28}},{"start":{"line":119,"column":32},"end":{"line":119,"column":106}}],"line":119},"14":{"loc":{"start":{"line":129,"column":8},"end":{"line":129,"column":91}},"type":"binary-expr","locations":[{"start":{"line":129,"column":8},"end":{"line":129,"column":25}},{"start":{"line":129,"column":29},"end":{"line":129,"column":91}}],"line":129},"15":{"loc":{"start":{"line":170,"column":7},"end":{"line":170,"column":123}},"type":"binary-expr","locations":[{"start":{"line":170,"column":8},"end":{"line":170,"column":25}},{"start":{"line":170,"column":29},"end":{"line":170,"column":43}},{"start":{"line":170,"column":48},"end":{"line":170,"column":123}}],"line":170},"16":{"loc":{"start":{"line":170,"column":83},"end":{"line":170,"column":118}},"type":"binary-expr","locations":[{"start":{"line":170,"column":83},"end":{"line":170,"column":100}},{"start":{"line":170,"column":104},"end":{"line":170,"column":118}}],"line":170},"17":{"loc":{"start":{"line":181,"column":8},"end":{"line":181,"column":91}},"type":"binary-expr","locations":[{"start":{"line":181,"column":8},"end":{"line":181,"column":25}},{"start":{"line":181,"column":29},"end":{"line":181,"column":91}}],"line":181},"18":{"loc":{"start":{"line":197,"column":8},"end":{"line":197,"column":81}},"type":"binary-expr","locations":[{"start":{"line":197,"column":8},"end":{"line":197,"column":20}},{"start":{"line":197,"column":24},"end":{"line":197,"column":81}}],"line":197},"19":{"loc":{"start":{"line":209,"column":8},"end":{"line":209,"column":87}},"type":"binary-expr","locations":[{"start":{"line":209,"column":8},"end":{"line":209,"column":23}},{"start":{"line":209,"column":27},"end":{"line":209,"column":87}}],"line":209},"20":{"loc":{"start":{"line":221,"column":8},"end":{"line":221,"column":81}},"type":"binary-expr","locations":[{"start":{"line":221,"column":8},"end":{"line":221,"column":20}},{"start":{"line":221,"column":24},"end":{"line":221,"column":81}}],"line":221},"21":{"loc":{"start":{"line":237,"column":8},"end":{"line":237,"column":85}},"type":"binary-expr","locations":[{"start":{"line":237,"column":8},"end":{"line":237,"column":22}},{"start":{"line":237,"column":26},"end":{"line":237,"column":85}}],"line":237},"22":{"loc":{"start":{"line":250,"column":9},"end":{"line":250,"column":80}},"type":"binary-expr","locations":[{"start":{"line":250,"column":9},"end":{"line":250,"column":20}},{"start":{"line":250,"column":24},"end":{"line":250,"column":80}}],"line":250},"23":{"loc":{"start":{"line":261,"column":9},"end":{"line":261,"column":84}},"type":"binary-expr","locations":[{"start":{"line":261,"column":9},"end":{"line":261,"column":22}},{"start":{"line":261,"column":26},"end":{"line":261,"column":84}}],"line":261}},"s":{"0":124,"1":124,"2":129,"3":124,"4":124,"5":124,"6":124,"7":124,"8":124,"9":124,"10":124,"11":124,"12":124,"13":124,"14":124,"15":124,"16":124,"17":2,"18":2,"19":1,"20":2,"21":1,"22":2,"23":1,"24":2,"25":1,"26":2,"27":1,"28":2,"29":1,"30":2,"31":1,"32":2,"33":1,"34":2,"35":1,"36":2,"37":1,"38":2,"39":2,"40":2,"41":2,"42":1,"43":1,"44":124,"45":0,"46":124,"47":32,"48":2,"49":2,"50":3,"51":11,"52":13,"53":11,"54":10,"55":16,"56":6,"57":12,"58":0},"f":{"0":124,"1":129,"2":2,"3":2,"4":32,"5":2,"6":2,"7":3,"8":11,"9":13,"10":11,"11":10,"12":16,"13":6,"14":12,"15":0},"b":{"0":[1,1],"1":[1,1],"2":[1,1],"3":[1,1],"4":[1,1],"5":[1,1],"6":[1,1],"7":[1,1],"8":[1,1],"9":[1,1],"10":[1,1],"11":[1,1],"12":[0,124],"13":[124,119],"14":[124,1],"15":[124,123,1],"16":[1,0],"17":[124,1],"18":[124,1],"19":[124,1],"20":[124,1],"21":[124,1],"22":[124,1],"23":[124,1]},"_coverageSchema":"1a1c01bbd47fc00a2c39e90264f33305004495a9","hash":"04e2b1ea9c5897c4de9f0e30e05205293dc73996"}
,"C:\\Users\\diego\\programacion\\test-wompi\\front\\src\\features\\checkout\\checkoutSlice.ts": {"path":"C:\\Users\\diego\\programacion\\test-wompi\\front\\src\\features\\checkout\\checkoutSlice.ts","statementMap":{"0":{"start":{"line":15,"column":36},"end":{"line":23,"column":1}},"1":{"start":{"line":25,"column":22},"end":{"line":68,"column":2}},"2":{"start":{"line":30,"column":3},"end":{"line":30,"column":42}},"3":{"start":{"line":31,"column":3},"end":{"line":31,"column":36}},"4":{"start":{"line":32,"column":3},"end":{"line":32,"column":22}},"5":{"start":{"line":42,"column":3},"end":{"line":42,"column":52}},"6":{"start":{"line":43,"column":3},"end":{"line":43,"column":52}},"7":{"start":{"line":44,"column":3},"end":{"line":44,"column":44}},"8":{"start":{"line":45,"column":3},"end":{"line":45,"column":41}},"9":{"start":{"line":48,"column":3},"end":{"line":48,"column":36}},"10":{"start":{"line":49,"column":3},"end":{"line":49,"column":22}},"11":{"start":{"line":52,"column":3},"end":{"line":52,"column":38}},"12":{"start":{"line":53,"column":3},"end":{"line":53,"column":25}},"13":{"start":{"line":54,"column":3},"end":{"line":54,"column":32}},"14":{"start":{"line":57,"column":3},"end":{"line":57,"column":32}},"15":{"start":{"line":58,"column":3},"end":{"line":58,"column":25}},"16":{"start":{"line":59,"column":3},"end":{"line":59,"column":32}},"17":{"start":{"line":62,"column":3},"end":{"line":62,"column":30}},"18":{"start":{"line":65,"column":3},"end":{"line":65,"column":38}},"19":{"start":{"line":71,"column":1},"end":{"line":71,"column":22}}},"fnMap":{"0":{"name":"(anonymous_0)","decl":{"start":{"line":29,"column":2},"end":{"line":29,"column":3}},"loc":{"start":{"line":29,"column":55},"end":{"line":33,"column":3}},"line":29},"1":{"name":"(anonymous_1)","decl":{"start":{"line":34,"column":2},"end":{"line":34,"column":3}},"loc":{"start":{"line":41,"column":4},"end":{"line":46,"column":3}},"line":41},"2":{"name":"(anonymous_2)","decl":{"start":{"line":47,"column":2},"end":{"line":47,"column":3}},"loc":{"start":{"line":47,"column":25},"end":{"line":50,"column":3}},"line":47},"3":{"name":"(anonymous_3)","decl":{"start":{"line":51,"column":2},"end":{"line":51,"column":3}},"loc":{"start":{"line":51,"column":62},"end":{"line":55,"column":3}},"line":51},"4":{"name":"(anonymous_4)","decl":{"start":{"line":56,"column":2},"end":{"line":56,"column":3}},"loc":{"start":{"line":56,"column":54},"end":{"line":60,"column":3}},"line":56},"5":{"name":"(anonymous_5)","decl":{"start":{"line":61,"column":2},"end":{"line":61,"column":3}},"loc":{"start":{"line":61,"column":22},"end":{"line":63,"column":3}},"line":61},"6":{"name":"(anonymous_6)","decl":{"start":{"line":64,"column":2},"end":{"line":64,"column":3}},"loc":{"start":{"line":64,"column":55},"end":{"line":66,"column":3}},"line":64}},"branchMap":{},"s":{"0":3,"1":3,"2":6,"3":6,"4":6,"5":2,"6":2,"7":2,"8":2,"9":1,"10":1,"11":1,"12":1,"13":1,"14":1,"15":1,"16":1,"17":1,"18":1,"19":3},"f":{"0":6,"1":2,"2":1,"3":1,"4":1,"5":1,"6":1},"b":{},"_coverageSchema":"1a1c01bbd47fc00a2c39e90264f33305004495a9","hash":"26b38962d34a5caf514f2ad732e9727f8eb0ca05"}
,"C:\\Users\\diego\\programacion\\test-wompi\\front\\src\\pages\\ProductPage.tsx": {"path":"C:\\Users\\diego\\programacion\\test-wompi\\front\\src\\pages\\ProductPage.tsx","statementMap":{"0":{"start":{"line":8,"column":1},"end":{"line":12,"column":24}},"1":{"start":{"line":16,"column":18},"end":{"line":16,"column":34}},"2":{"start":{"line":17,"column":33},"end":{"line":17,"column":56}},"3":{"start":{"line":18,"column":35},"end":{"line":18,"column":49}},"4":{"start":{"line":19,"column":27},"end":{"line":19,"column":56}},"5":{"start":{"line":21,"column":1},"end":{"line":26,"column":8}},"6":{"start":{"line":22,"column":2},"end":{"line":25,"column":39}},"7":{"start":{"line":24,"column":16},"end":{"line":24,"column":78}},"8":{"start":{"line":25,"column":18},"end":{"line":25,"column":37}},"9":{"start":{"line":28,"column":1},"end":{"line":34,"column":2}},"10":{"start":{"line":29,"column":2},"end":{"line":33,"column":4}},"11":{"start":{"line":36,"column":1},"end":{"line":42,"column":2}},"12":{"start":{"line":37,"column":2},"end":{"line":41,"column":4}},"13":{"start":{"line":44,"column":1},"end":{"line":81,"column":3}},"14":{"start":{"line":53,"column":5},"end":{"line":77,"column":15}},"15":{"start":{"line":73,"column":22},"end":{"line":73,"column":54}}},"fnMap":{"0":{"name":"formatPrice","decl":{"start":{"line":7,"column":9},"end":{"line":7,"column":20}},"loc":{"start":{"line":7,"column":44},"end":{"line":13,"column":1}},"line":7},"1":{"name":"ProductPage","decl":{"start":{"line":15,"column":16},"end":{"line":15,"column":27}},"loc":{"start":{"line":15,"column":30},"end":{"line":82,"column":1}},"line":15},"2":{"name":"(anonymous_2)","decl":{"start":{"line":21,"column":11},"end":{"line":21,"column":12}},"loc":{"start":{"line":21,"column":17},"end":{"line":26,"column":2}},"line":21},"3":{"name":"(anonymous_3)","decl":{"start":{"line":24,"column":10},"end":{"line":24,"column":11}},"loc":{"start":{"line":24,"column":16},"end":{"line":24,"column":78}},"line":24},"4":{"name":"(anonymous_4)","decl":{"start":{"line":25,"column":12},"end":{"line":25,"column":13}},"loc":{"start":{"line":25,"column":18},"end":{"line":25,"column":37}},"line":25},"5":{"name":"(anonymous_5)","decl":{"start":{"line":52,"column":18},"end":{"line":52,"column":19}},"loc":{"start":{"line":53,"column":5},"end":{"line":77,"column":15}},"line":53},"6":{"name":"(anonymous_6)","decl":{"start":{"line":73,"column":16},"end":{"line":73,"column":17}},"loc":{"start":{"line":73,"column":22},"end":{"line":73,"column":54}},"line":73}},"branchMap":{"0":{"loc":{"start":{"line":28,"column":1},"end":{"line":34,"column":2}},"type":"if","locations":[{"start":{"line":28,"column":1},"end":{"line":34,"column":2}},{"start":{},"end":{}}],"line":28},"1":{"loc":{"start":{"line":36,"column":1},"end":{"line":42,"column":2}},"type":"if","locations":[{"start":{"line":36,"column":1},"end":{"line":42,"column":2}},{"start":{},"end":{}}],"line":36},"2":{"loc":{"start":{"line":65,"column":45},"end":{"line":65,"column":94}},"type":"cond-expr","locations":[{"start":{"line":65,"column":65},"end":{"line":65,"column":79}},{"start":{"line":65,"column":82},"end":{"line":65,"column":94}}],"line":65},"3":{"loc":{"start":{"line":66,"column":9},"end":{"line":66,"column":71}},"type":"cond-expr","locations":[{"start":{"line":66,"column":29},"end":{"line":66,"column":59}},{"start":{"line":66,"column":62},"end":{"line":66,"column":71}}],"line":66},"4":{"loc":{"start":{"line":75,"column":8},"end":{"line":75,"column":51}},"type":"cond-expr","locations":[{"start":{"line":75,"column":28},"end":{"line":75,"column":37}},{"start":{"line":75,"column":40},"end":{"line":75,"column":51}}],"line":75}},"s":{"0":6,"1":8,"2":8,"3":8,"4":8,"5":8,"6":4,"7":1,"8":4,"9":8,"10":4,"11":4,"12":1,"13":3,"14":6,"15":1},"f":{"0":6,"1":8,"2":4,"3":1,"4":4,"5":6,"6":1},"b":{"0":[4,4],"1":[1,3],"2":[3,3],"3":[3,3],"4":[3,3]},"_coverageSchema":"1a1c01bbd47fc00a2c39e90264f33305004495a9","hash":"fa2e753a89ef73c21e7d7112231aa7f4d53ddeac"}
,"C:\\Users\\diego\\programacion\\test-wompi\\front\\src\\services\\api.ts": {"path":"C:\\Users\\diego\\programacion\\test-wompi\\front\\src\\services\\api.ts","statementMap":{"0":{"start":{"line":5,"column":16},"end":{"line":5,"column":71}},"1":{"start":{"line":8,"column":1},"end":{"line":12,"column":2}},"2":{"start":{"line":9,"column":15},"end":{"line":9,"column":93}},"3":{"start":{"line":9,"column":45},"end":{"line":9,"column":49}},"4":{"start":{"line":10,"column":18},"end":{"line":10,"column":143}},"5":{"start":{"line":11,"column":2},"end":{"line":11,"column":27}},"6":{"start":{"line":13,"column":1},"end":{"line":13,"column":33}},"7":{"start":{"line":17,"column":13},"end":{"line":17,"column":47}},"8":{"start":{"line":18,"column":1},"end":{"line":18,"column":39}},"9":{"start":{"line":22,"column":13},"end":{"line":26,"column":3}},"10":{"start":{"line":27,"column":1},"end":{"line":27,"column":38}},"11":{"start":{"line":31,"column":13},"end":{"line":35,"column":3}},"12":{"start":{"line":36,"column":1},"end":{"line":36,"column":38}},"13":{"start":{"line":54,"column":13},"end":{"line":58,"column":3}},"14":{"start":{"line":59,"column":1},"end":{"line":59,"column":41}}},"fnMap":{"0":{"name":"handleResponse","decl":{"start":{"line":7,"column":15},"end":{"line":7,"column":29}},"loc":{"start":{"line":7,"column":60},"end":{"line":14,"column":1}},"line":7},"1":{"name":"(anonymous_1)","decl":{"start":{"line":9,"column":39},"end":{"line":9,"column":40}},"loc":{"start":{"line":9,"column":45},"end":{"line":9,"column":49}},"line":9},"2":{"name":"getProducts","decl":{"start":{"line":16,"column":22},"end":{"line":16,"column":33}},"loc":{"start":{"line":16,"column":56},"end":{"line":19,"column":1}},"line":16},"3":{"name":"createCustomer","decl":{"start":{"line":21,"column":22},"end":{"line":21,"column":36}},"loc":{"start":{"line":21,"column":80},"end":{"line":28,"column":1}},"line":21},"4":{"name":"createDelivery","decl":{"start":{"line":30,"column":22},"end":{"line":30,"column":36}},"loc":{"start":{"line":30,"column":100},"end":{"line":37,"column":1}},"line":30},"5":{"name":"processPayment","decl":{"start":{"line":53,"column":22},"end":{"line":53,"column":36}},"loc":{"start":{"line":53,"column":86},"end":{"line":60,"column":1}},"line":53}},"branchMap":{"0":{"loc":{"start":{"line":5,"column":16},"end":{"line":5,"column":71}},"type":"binary-expr","locations":[{"start":{"line":5,"column":16},"end":{"line":5,"column":44}},{"start":{"line":5,"column":48},"end":{"line":5,"column":71}}],"line":5},"1":{"loc":{"start":{"line":8,"column":1},"end":{"line":12,"column":2}},"type":"if","locations":[{"start":{"line":8,"column":1},"end":{"line":12,"column":2}},{"start":{},"end":{}}],"line":8},"2":{"loc":{"start":{"line":10,"column":18},"end":{"line":10,"column":143}},"type":"cond-expr","locations":[{"start":{"line":10,"column":49},"end":{"line":10,"column":72}},{"start":{"line":10,"column":76},"end":{"line":10,"column":142}}],"line":10},"3":{"loc":{"start":{"line":10,"column":76},"end":{"line":10,"column":142}},"type":"binary-expr","locations":[{"start":{"line":10,"column":76},"end":{"line":10,"column":89}},{"start":{"line":10,"column":93},"end":{"line":10,"column":142}}],"line":10}},"s":{"0":1,"1":0,"2":0,"3":0,"4":0,"5":0,"6":0,"7":0,"8":0,"9":0,"10":0,"11":0,"12":0,"13":0,"14":0},"f":{"0":0,"1":0,"2":0,"3":0,"4":0,"5":0},"b":{"0":[1,1],"1":[0,0],"2":[0,0],"3":[0,0]},"_coverageSchema":"1a1c01bbd47fc00a2c39e90264f33305004495a9","hash":"ac5450461121d71d0483c14e773819c923832f27"}
,"C:\\Users\\diego\\programacion\\test-wompi\\front\\src\\utils\\cardValitation.ts": {"path":"C:\\Users\\diego\\programacion\\test-wompi\\front\\src\\utils\\cardValitation.ts","statementMap":{"0":{"start":{"line":6,"column":16},"end":{"line":6,"column":45}},"1":{"start":{"line":8,"column":1},"end":{"line":10,"column":2}},"2":{"start":{"line":9,"column":2},"end":{"line":9,"column":16}},"3":{"start":{"line":12,"column":1},"end":{"line":14,"column":2}},"4":{"start":{"line":13,"column":2},"end":{"line":13,"column":22}},"5":{"start":{"line":16,"column":1},"end":{"line":16,"column":18}},"6":{"start":{"line":20,"column":16},"end":{"line":20,"column":45}},"7":{"start":{"line":22,"column":1},"end":{"line":24,"column":2}},"8":{"start":{"line":23,"column":2},"end":{"line":23,"column":15}},"9":{"start":{"line":26,"column":11},"end":{"line":26,"column":12}},"10":{"start":{"line":27,"column":20},"end":{"line":27,"column":25}},"11":{"start":{"line":29,"column":1},"end":{"line":39,"column":2}},"12":{"start":{"line":29,"column":14},"end":{"line":29,"column":31}},"13":{"start":{"line":30,"column":14},"end":{"line":30,"column":37}},"14":{"start":{"line":32,"column":2},"end":{"line":35,"column":3}},"15":{"start":{"line":33,"column":3},"end":{"line":33,"column":14}},"16":{"start":{"line":34,"column":3},"end":{"line":34,"column":29}},"17":{"start":{"line":34,"column":18},"end":{"line":34,"column":29}},"18":{"start":{"line":37,"column":2},"end":{"line":37,"column":15}},"19":{"start":{"line":38,"column":2},"end":{"line":38,"column":31}},"20":{"start":{"line":41,"column":1},"end":{"line":41,"column":23}},"21":{"start":{"line":45,"column":18},"end":{"line":45,"column":37}},"22":{"start":{"line":46,"column":17},"end":{"line":46,"column":35}},"23":{"start":{"line":48,"column":1},"end":{"line":50,"column":2}},"24":{"start":{"line":49,"column":2},"end":{"line":49,"column":15}},"25":{"start":{"line":52,"column":13},"end":{"line":52,"column":23}},"26":{"start":{"line":53,"column":21},"end":{"line":53,"column":44}},"27":{"start":{"line":54,"column":22},"end":{"line":54,"column":40}},"28":{"start":{"line":56,"column":1},"end":{"line":56,"column":41}},"29":{"start":{"line":56,"column":28},"end":{"line":56,"column":41}},"30":{"start":{"line":57,"column":1},"end":{"line":57,"column":70}},"31":{"start":{"line":57,"column":57},"end":{"line":57,"column":70}},"32":{"start":{"line":59,"column":1},"end":{"line":59,"column":13}},"33":{"start":{"line":63,"column":1},"end":{"line":63,"column":33}},"34":{"start":{"line":67,"column":16},"end":{"line":67,"column":58}},"35":{"start":{"line":68,"column":1},"end":{"line":68,"column":48}}},"fnMap":{"0":{"name":"detectCardBrand","decl":{"start":{"line":5,"column":16},"end":{"line":5,"column":31}},"loc":{"start":{"line":5,"column":63},"end":{"line":17,"column":1}},"line":5},"1":{"name":"isValidCardNumber","decl":{"start":{"line":19,"column":16},"end":{"line":19,"column":33}},"loc":{"start":{"line":19,"column":63},"end":{"line":42,"column":1}},"line":19},"2":{"name":"isValidExpiry","decl":{"start":{"line":44,"column":16},"end":{"line":44,"column":29}},"loc":{"start":{"line":44,"column":68},"end":{"line":60,"column":1}},"line":44},"3":{"name":"isValidCvc","decl":{"start":{"line":62,"column":16},"end":{"line":62,"column":26}},"loc":{"start":{"line":62,"column":49},"end":{"line":64,"column":1}},"line":62},"4":{"name":"formatCardNumber","decl":{"start":{"line":66,"column":16},"end":{"line":66,"column":32}},"loc":{"start":{"line":66,"column":61},"end":{"line":69,"column":1}},"line":66}},"branchMap":{"0":{"loc":{"start":{"line":8,"column":1},"end":{"line":10,"column":2}},"type":"if","locations":[{"start":{"line":8,"column":1},"end":{"line":10,"column":2}},{"start":{},"end":{}}],"line":8},"1":{"loc":{"start":{"line":12,"column":1},"end":{"line":14,"column":2}},"type":"if","locations":[{"start":{"line":12,"column":1},"end":{"line":14,"column":2}},{"start":{},"end":{}}],"line":12},"2":{"loc":{"start":{"line":12,"column":5},"end":{"line":12,"column":74}},"type":"binary-expr","locations":[{"start":{"line":12,"column":5},"end":{"line":12,"column":27}},{"start":{"line":12,"column":31},"end":{"line":12,"column":74}}],"line":12},"3":{"loc":{"start":{"line":22,"column":1},"end":{"line":24,"column":2}},"type":"if","locations":[{"start":{"line":22,"column":1},"end":{"line":24,"column":2}},{"start":{},"end":{}}],"line":22},"4":{"loc":{"start":{"line":22,"column":5},"end":{"line":22,"column":45}},"type":"binary-expr","locations":[{"start":{"line":22,"column":5},"end":{"line":22,"column":23}},{"start":{"line":22,"column":27},"end":{"line":22,"column":45}}],"line":22},"5":{"loc":{"start":{"line":32,"column":2},"end":{"line":35,"column":3}},"type":"if","locations":[{"start":{"line":32,"column":2},"end":{"line":35,"column":3}},{"start":{},"end":{}}],"line":32},"6":{"loc":{"start":{"line":34,"column":3},"end":{"line":34,"column":29}},"type":"if","locations":[{"start":{"line":34,"column":3},"end":{"line":34,"column":29}},{"start":{},"end":{}}],"line":34},"7":{"loc":{"start":{"line":48,"column":1},"end":{"line":50,"column":2}},"type":"if","locations":[{"start":{"line":48,"column":1},"end":{"line":50,"column":2}},{"start":{},"end":{}}],"line":48},"8":{"loc":{"start":{"line":48,"column":5},"end":{"line":48,"column":71}},"type":"binary-expr","locations":[{"start":{"line":48,"column":5},"end":{"line":48,"column":20}},{"start":{"line":48,"column":24},"end":{"line":48,"column":38}},{"start":{"line":48,"column":42},"end":{"line":48,"column":54}},{"start":{"line":48,"column":58},"end":{"line":48,"column":71}}],"line":48},"9":{"loc":{"start":{"line":56,"column":1},"end":{"line":56,"column":41}},"type":"if","locations":[{"start":{"line":56,"column":1},"end":{"line":56,"column":41}},{"start":{},"end":{}}],"line":56},"10":{"loc":{"start":{"line":57,"column":1},"end":{"line":57,"column":70}},"type":"if","locations":[{"start":{"line":57,"column":1},"end":{"line":57,"column":70}},{"start":{},"end":{}}],"line":57},"11":{"loc":{"start":{"line":57,"column":5},"end":{"line":57,"column":55}},"type":"binary-expr","locations":[{"start":{"line":57,"column":5},"end":{"line":57,"column":28}},{"start":{"line":57,"column":32},"end":{"line":57,"column":55}}],"line":57}},"s":{"0":128,"1":128,"2":120,"3":8,"4":2,"5":6,"6":5,"7":5,"8":2,"9":3,"10":3,"11":3,"12":3,"13":48,"14":48,"15":24,"16":24,"17":0,"18":48,"19":48,"20":3,"21":5,"22":5,"23":5,"24":2,"25":3,"26":3,"27":3,"28":3,"29":1,"30":2,"31":0,"32":2,"33":5,"34":125,"35":125},"f":{"0":128,"1":5,"2":5,"3":5,"4":125},"b":{"0":[120,8],"1":[2,6],"2":[8,7],"3":[2,3],"4":[5,3],"5":[24,24],"6":[0,24],"7":[2,3],"8":[5,4,4,4],"9":[1,2],"10":[0,2],"11":[2,0]},"_coverageSchema":"1a1c01bbd47fc00a2c39e90264f33305004495a9","hash":"54a0cd4bf416f7ae9014c55554dae2dcebf608fd"}
}
