TN:
SF:src\app\hook.ts
FN:4,(anonymous_0)
FNF:1
FNH:1
FNDA:146,(anonymous_0)
DA:4,146
DA:5,4
LF:2
LH:2
BRF:0
BRH:0
end_of_record
TN:
SF:src\components\CardModal.tsx
FN:11,CardModal
FN:13,(anonymous_1)
FN:34,validate
FN:72,handleSubmit
FN:125,(anonymous_4)
FN:140,(anonymous_5)
FN:152,(anonymous_6)
FN:164,(anonymous_7)
FN:177,(anonymous_8)
FN:193,(anonymous_9)
FN:205,(anonymous_10)
FN:217,(anonymous_11)
FN:233,(anonymous_12)
FN:246,(anonymous_13)
FN:257,(anonymous_14)
FN:270,(anonymous_15)
FNF:16
FNH:15
FNDA:124,CardModal
FNDA:129,(anonymous_1)
FNDA:2,validate
FNDA:2,handleSubmit
FNDA:32,(anonymous_4)
FNDA:2,(anonymous_5)
FNDA:2,(anonymous_6)
FNDA:3,(anonymous_7)
FNDA:11,(anonymous_8)
FNDA:13,(anonymous_9)
FNDA:11,(anonymous_10)
FNDA:10,(anonymous_11)
FNDA:16,(anonymous_12)
FNDA:6,(anonymous_13)
FNDA:12,(anonymous_14)
FNDA:0,(anonymous_15)
DA:12,124
DA:13,129
DA:15,124
DA:16,124
DA:17,124
DA:18,124
DA:19,124
DA:21,124
DA:22,124
DA:23,124
DA:25,124
DA:26,124
DA:27,124
DA:28,124
DA:30,124
DA:32,124
DA:35,2
DA:37,2
DA:38,1
DA:40,2
DA:41,1
DA:43,2
DA:44,1
DA:46,2
DA:47,1
DA:49,2
DA:50,1
DA:52,2
DA:53,1
DA:55,2
DA:56,1
DA:58,2
DA:59,1
DA:61,2
DA:62,1
DA:64,2
DA:65,1
DA:68,2
DA:69,2
DA:73,2
DA:75,2
DA:77,1
DA:97,124
DA:99,124
DA:125,32
DA:140,2
DA:152,2
DA:164,3
DA:177,11
DA:193,13
DA:205,11
DA:217,10
DA:233,16
DA:246,6
DA:257,12
DA:270,0
LF:56
LH:55
BRDA:37,0,0,1
BRDA:37,0,1,1
BRDA:40,1,0,1
BRDA:40,1,1,1
BRDA:43,2,0,1
BRDA:43,2,1,1
BRDA:46,3,0,1
BRDA:46,3,1,1
BRDA:49,4,0,1
BRDA:49,4,1,1
BRDA:52,5,0,1
BRDA:52,5,1,1
BRDA:55,6,0,1
BRDA:55,6,1,1
BRDA:58,7,0,1
BRDA:58,7,1,1
BRDA:61,8,0,1
BRDA:61,8,1,1
BRDA:64,9,0,1
BRDA:64,9,1,1
BRDA:75,10,0,1
BRDA:75,10,1,1
BRDA:91,11,0,1
BRDA:91,11,1,1
BRDA:97,12,0,0
BRDA:97,12,1,124
BRDA:119,13,0,124
BRDA:119,13,1,119
BRDA:129,14,0,124
BRDA:129,14,1,1
BRDA:170,15,0,124
BRDA:170,15,1,123
BRDA:170,15,2,1
BRDA:170,16,0,1
BRDA:170,16,1,0
BRDA:181,17,0,124
BRDA:181,17,1,1
BRDA:197,18,0,124
BRDA:197,18,1,1
BRDA:209,19,0,124
BRDA:209,19,1,1
BRDA:221,20,0,124
BRDA:221,20,1,1
BRDA:237,21,0,124
BRDA:237,21,1,1
BRDA:250,22,0,124
BRDA:250,22,1,1
BRDA:261,23,0,124
BRDA:261,23,1,1
BRF:49
BRH:47
end_of_record
TN:
SF:src\components\PaymentSummary.tsx
FN:10,formatPrice
FN:18,PaymentSummary
FN:20,(anonymous_2)
FN:29,handlePay
FN:95,(anonymous_4)
FNF:5
FNH:5
FNDA:33,formatPrice
FNDA:9,PaymentSummary
FNDA:18,(anonymous_2)
FNDA:2,handlePay
FNDA:1,(anonymous_4)
DA:7,1
DA:8,1
DA:11,33
DA:19,9
DA:20,18
DA:21,9
DA:23,9
DA:24,2
DA:27,7
DA:30,2
DA:31,2
DA:33,2
DA:34,2
DA:35,2
DA:37,2
DA:51,1
DA:53,1
DA:54,1
DA:56,2
DA:60,7
DA:95,1
LF:21
LH:21
BRDA:23,0,0,2
BRDA:23,0,1,7
BRDA:23,1,0,9
BRDA:23,1,1,9
BRDA:23,1,2,9
BRDA:23,1,3,9
BRDA:53,2,0,1
BRDA:53,2,1,0
BRDA:91,3,0,2
BRDA:91,3,1,5
BRF:10
BRH:9
end_of_record
TN:
SF:src\components\ProcessingScreen.tsx
FN:2,ProcessingScreen
FNF:1
FNH:1
FNDA:1,ProcessingScreen
DA:3,1
LF:1
LH:1
BRF:0
BRH:0
end_of_record
TN:
SF:src\components\ResultScreen.tsx
FN:5,formatPrice
FN:13,ResultScreen
FN:15,(anonymous_2)
FN:21,handleBack
FNF:4
FNH:4
FNDA:3,formatPrice
FNDA:5,ResultScreen
FNDA:10,(anonymous_2)
FNDA:1,handleBack
DA:6,3
DA:14,5
DA:15,10
DA:17,5
DA:18,5
DA:19,5
DA:22,1
DA:24,1
DA:27,5
LF:9
LH:9
BRDA:19,0,0,5
BRDA:19,0,1,4
BRDA:30,1,0,5
BRDA:30,1,1,2
BRDA:40,2,0,5
BRDA:40,2,1,1
BRDA:46,3,0,1
BRDA:46,3,1,0
BRDA:50,4,0,5
BRDA:50,4,1,1
BRDA:50,4,2,1
BRDA:56,5,0,1
BRDA:56,5,1,0
BRDA:60,6,0,5
BRDA:60,6,1,3
BRF:15
BRH:13
end_of_record
TN:
SF:src\features\checkout\checkoutSlice.ts
FN:29,(anonymous_0)
FN:34,(anonymous_1)
FN:47,(anonymous_2)
FN:51,(anonymous_3)
FN:56,(anonymous_4)
FN:61,(anonymous_5)
FN:64,(anonymous_6)
FNF:7
FNH:7
FNDA:10,(anonymous_0)
FNDA:6,(anonymous_1)
FNDA:3,(anonymous_2)
FNDA:5,(anonymous_3)
FNDA:3,(anonymous_4)
FNDA:2,(anonymous_5)
FNDA:2,(anonymous_6)
DA:15,5
DA:25,5
DA:30,10
DA:31,10
DA:32,10
DA:42,6
DA:43,6
DA:44,6
DA:45,6
DA:48,3
DA:49,3
DA:52,5
DA:53,5
DA:54,5
DA:57,3
DA:58,3
DA:59,3
DA:62,2
DA:65,2
DA:71,5
LF:20
LH:20
BRF:0
BRH:0
end_of_record
TN:
SF:src\pages\ProductPage.tsx
FN:7,formatPrice
FN:15,ProductPage
FN:21,(anonymous_2)
FN:24,(anonymous_3)
FN:25,(anonymous_4)
FN:52,(anonymous_5)
FN:73,(anonymous_6)
FNF:7
FNH:7
FNDA:6,formatPrice
FNDA:8,ProductPage
FNDA:4,(anonymous_2)
FNDA:1,(anonymous_3)
FNDA:4,(anonymous_4)
FNDA:6,(anonymous_5)
FNDA:1,(anonymous_6)
DA:8,6
DA:16,8
DA:17,8
DA:18,8
DA:19,8
DA:21,8
DA:22,4
DA:24,1
DA:25,4
DA:28,8
DA:29,4
DA:36,4
DA:37,1
DA:44,3
DA:53,6
DA:73,1
LF:16
LH:16
BRDA:28,0,0,4
BRDA:28,0,1,4
BRDA:36,1,0,1
BRDA:36,1,1,3
BRDA:65,2,0,3
BRDA:65,2,1,3
BRDA:66,3,0,3
BRDA:66,3,1,3
BRDA:75,4,0,3
BRDA:75,4,1,3
BRF:10
BRH:10
end_of_record
TN:
SF:src\services\api.ts
FN:7,handleResponse
FN:9,(anonymous_1)
FN:16,getProducts
FN:21,createCustomer
FN:30,createDelivery
FN:53,processPayment
FNF:6
FNH:0
FNDA:0,handleResponse
FNDA:0,(anonymous_1)
FNDA:0,getProducts
FNDA:0,createCustomer
FNDA:0,createDelivery
FNDA:0,processPayment
DA:5,2
DA:8,0
DA:9,0
DA:10,0
DA:11,0
DA:13,0
DA:17,0
DA:18,0
DA:22,0
DA:27,0
DA:31,0
DA:36,0
DA:54,0
DA:59,0
LF:14
LH:1
BRDA:5,0,0,2
BRDA:5,0,1,2
BRDA:8,1,0,0
BRDA:8,1,1,0
BRDA:10,2,0,0
BRDA:10,2,1,0
BRDA:10,3,0,0
BRDA:10,3,1,0
BRF:8
BRH:2
end_of_record
TN:
SF:src\utils\cardValitation.ts
FN:5,detectCardBrand
FN:19,isValidCardNumber
FN:44,isValidExpiry
FN:62,isValidCvc
FN:66,formatCardNumber
FNF:5
FNH:5
FNDA:128,detectCardBrand
FNDA:5,isValidCardNumber
FNDA:5,isValidExpiry
FNDA:5,isValidCvc
FNDA:125,formatCardNumber
DA:6,128
DA:8,128
DA:9,120
DA:12,8
DA:13,2
DA:16,6
DA:20,5
DA:22,5
DA:23,2
DA:26,3
DA:27,3
DA:29,3
DA:30,48
DA:32,48
DA:33,24
DA:34,24
DA:37,48
DA:38,48
DA:41,3
DA:45,5
DA:46,5
DA:48,5
DA:49,2
DA:52,3
DA:53,3
DA:54,3
DA:56,3
DA:57,2
DA:59,2
DA:63,5
DA:67,125
DA:68,125
LF:32
LH:32
BRDA:8,0,0,120
BRDA:8,0,1,8
BRDA:12,1,0,2
BRDA:12,1,1,6
BRDA:12,2,0,8
BRDA:12,2,1,7
BRDA:22,3,0,2
BRDA:22,3,1,3
BRDA:22,4,0,5
BRDA:22,4,1,3
BRDA:32,5,0,24
BRDA:32,5,1,24
BRDA:34,6,0,0
BRDA:34,6,1,24
BRDA:48,7,0,2
BRDA:48,7,1,3
BRDA:48,8,0,5
BRDA:48,8,1,4
BRDA:48,8,2,4
BRDA:48,8,3,4
BRDA:56,9,0,1
BRDA:56,9,1,2
BRDA:57,10,0,0
BRDA:57,10,1,2
BRDA:57,11,0,2
BRDA:57,11,1,0
BRF:26
BRH:23
end_of_record
